<?xml version="1.0" encoding="UTF-8"?>
<!-- Generated by org.testng.reporters.JUnitReportReporter -->
<testsuite hostname="IDM99Q6Q13" failures="0" tests="1" name="Runner.RunnerTest$run" time="31.220" errors="0" timestamp="2022-10-02T21:56:15 ICT" skipped="0">
  <testcase classname="Runner.RunnerTest$run" name="runScenario" time="31.220"/>
  <system-out/>
</testsuite> <!-- Runner.RunnerTest$run -->
